# JRE version: Java(TM) SE Runtime Environment (7.0_79-b15) (build 1.7.0_79-b15)
# Java VM: Java HotSpot(TM) 64-Bit Server VM (24.79-b02 mixed mode windows-amd64 compressed oops)
Heap
 PSYoungGen      total 295424K, used 46611K [0x00000007ab400000, 0x00000007cff00000, 0x0000000800000000)
  eden space 261120K, 4% used [0x00000007ab400000,0x00000007ac045ff0,0x00000007bb300000)
  from space 34304K, 99% used [0x00000007bb300000,0x00000007bd43ee08,0x00000007bd480000)
  to   space 39424K, 0% used [0x00000007cd880000,0x00000007cd880000,0x00000007cff00000)
 ParOldGen       total 173568K, used 43410K [0x0000000701c00000, 0x000000070c580000, 0x00000007ab400000)
  object space 173568K, 25% used [0x0000000701c00000,0x0000000704664960,0x000000070c580000)
 PSPermGen       total 46592K, used 46180K [0x00000006fca00000, 0x00000006ff780000, 0x0000000701c00000)
  object space 46592K, 99% used [0x00000006fca00000,0x00000006ff719230,0x00000006ff780000)
GC Heap History (10 events):
Event: 2.453 GC heap before
{Heap before GC invocations=3 (full 0):
 PSYoungGen      total 76288K, used 76265K [0x00000007ab400000, 0x00000007b4900000, 0x0000000800000000)
  eden space 65536K, 100% used [0x00000007ab400000,0x00000007af400000,0x00000007af400000)
  from space 10752K, 99% used [0x00000007afe80000,0x00000007b08fa6b0,0x00000007b0900000)
  to   space 10752K, 0% used [0x00000007af400000,0x00000007af400000,0x00000007afe80000)
 ParOldGen       total 173568K, used 993K [0x0000000701c00000, 0x000000070c580000, 0x00000007ab400000)
  object space 173568K, 0% used [0x0000000701c00000,0x0000000701cf85d0,0x000000070c580000)
 PSPermGen       total 21504K, used 15098K [0x00000006fca00000, 0x00000006fdf00000, 0x0000000701c00000)
  object space 21504K, 70% used [0x00000006fca00000,0x00000006fd8be8f8,0x00000006fdf00000)
Event: 2.465 GC heap after
Heap after GC invocations=3 (full 0):
 PSYoungGen      total 76288K, used 10728K [0x00000007ab400000, 0x00000007b4900000, 0x0000000800000000)
  eden space 65536K, 0% used [0x00000007ab400000,0x00000007ab400000,0x00000007af400000)
  from space 10752K, 99% used [0x00000007af400000,0x00000007afe7a020,0x00000007afe80000)
  to   space 10752K, 0% used [0x00000007b3e80000,0x00000007b3e80000,0x00000007b4900000)
 ParOldGen       total 173568K, used 6153K [0x0000000701c00000, 0x000000070c580000, 0x00000007ab400000)
  object space 173568K, 3% used [0x0000000701c00000,0x00000007022025d0,0x000000070c580000)
 PSPermGen       total 21504K, used 15098K [0x00000006fca00000, 0x00000006fdf00000, 0x0000000701c00000)
  object space 21504K, 70% used [0x00000006fca00000,0x00000006fd8be8f8,0x00000006fdf00000)
}
Event: 3.350 GC heap before
{Heap before GC invocations=4 (full 0):
 PSYoungGen      total 76288K, used 76264K [0x00000007ab400000, 0x00000007b4900000, 0x0000000800000000)
  eden space 65536K, 100% used [0x00000007ab400000,0x00000007af400000,0x00000007af400000)
  from space 10752K, 99% used [0x00000007af400000,0x00000007afe7a020,0x00000007afe80000)
  to   space 10752K, 0% used [0x00000007b3e80000,0x00000007b3e80000,0x00000007b4900000)
 ParOldGen       total 173568K, used 6153K [0x0000000701c00000, 0x000000070c580000, 0x00000007ab400000)
  object space 173568K, 3% used [0x0000000701c00000,0x00000007022025d0,0x000000070c580000)
 PSPermGen       total 21504K, used 15916K [0x00000006fca00000, 0x00000006fdf00000, 0x0000000701c00000)
  object space 21504K, 74% used [0x00000006fca00000,0x00000006fd98b198,0x00000006fdf00000)
Event: 3.367 GC heap after
Heap after GC invocations=4 (full 0):
 PSYoungGen      total 141824K, used 10744K [0x00000007ab400000, 0x00000007b4900000, 0x0000000800000000)
  eden space 131072K, 0% used [0x00000007ab400000,0x00000007ab400000,0x00000007b3400000)
  from space 10752K, 99% used [0x00000007b3e80000,0x00000007b48fe030,0x00000007b4900000)
  to   space 10752K, 0% used [0x00000007b3400000,0x00000007b3400000,0x00000007b3e80000)
 ParOldGen       total 173568K, used 11612K [0x0000000701c00000, 0x000000070c580000, 0x00000007ab400000)
  object space 173568K, 6% used [0x0000000701c00000,0x0000000702757058,0x000000070c580000)
 PSPermGen       total 21504K, used 15916K [0x00000006fca00000, 0x00000006fdf00000, 0x0000000701c00000)
  object space 21504K, 74% used [0x00000006fca00000,0x00000006fd98b198,0x00000006fdf00000)
}
Event: 5.558 GC heap before
{Heap before GC invocations=5 (full 0):
 PSYoungGen      total 141824K, used 141816K [0x00000007ab400000, 0x00000007b4900000, 0x0000000800000000)
  eden space 131072K, 100% used [0x00000007ab400000,0x00000007b3400000,0x00000007b3400000)
  from space 10752K, 99% used [0x00000007b3e80000,0x00000007b48fe030,0x00000007b4900000)
  to   space 10752K, 0% used [0x00000007b3400000,0x00000007b3400000,0x00000007b3e80000)
 ParOldGen       total 173568K, used 11612K [0x0000000701c00000, 0x000000070c580000, 0x00000007ab400000)
  object space 173568K, 6% used [0x0000000701c00000,0x0000000702757058,0x000000070c580000)
 PSPermGen       total 21504K, used 20209K [0x00000006fca00000, 0x00000006fdf00000, 0x0000000701c00000)
  object space 21504K, 93% used [0x00000006fca00000,0x00000006fddbc4b0,0x00000006fdf00000)
Event: 5.582 GC heap after
Heap after GC invocations=5 (full 0):
 PSYoungGen      total 141824K, used 10744K [0x00000007ab400000, 0x00000007bf500000, 0x0000000800000000)
  eden space 131072K, 0% used [0x00000007ab400000,0x00000007ab400000,0x00000007b3400000)
  from space 10752K, 99% used [0x00000007b3400000,0x00000007b3e7e010,0x00000007b3e80000)
  to   space 33280K, 0% used [0x00000007bd480000,0x00000007bd480000,0x00000007bf500000)
 ParOldGen       total 173568K, used 37204K [0x0000000701c00000, 0x000000070c580000, 0x00000007ab400000)
  object space 173568K, 21% used [0x0000000701c00000,0x00000007040550b0,0x000000070c580000)
 PSPermGen       total 21504K, used 20209K [0x00000006fca00000, 0x00000006fdf00000, 0x0000000701c00000)
  object space 21504K, 93% used [0x00000006fca00000,0x00000006fddbc4b0,0x00000006fdf00000)
}
Event: 7.666 GC heap before
{Heap before GC invocations=6 (full 0):
 PSYoungGen      total 141824K, used 141816K [0x00000007ab400000, 0x00000007bf500000, 0x0000000800000000)
  eden space 131072K, 100% used [0x00000007ab400000,0x00000007b3400000,0x00000007b3400000)
  from space 10752K, 99% used [0x00000007b3400000,0x00000007b3e7e010,0x00000007b3e80000)
  to   space 33280K, 0% used [0x00000007bd480000,0x00000007bd480000,0x00000007bf500000)
 ParOldGen       total 173568K, used 37204K [0x0000000701c00000, 0x000000070c580000, 0x00000007ab400000)
  object space 173568K, 21% used [0x0000000701c00000,0x00000007040550b0,0x000000070c580000)
 PSPermGen       total 28160K, used 27659K [0x00000006fca00000, 0x00000006fe580000, 0x0000000701c00000)
  object space 28160K, 98% used [0x00000006fca00000,0x00000006fe502d80,0x00000006fe580000)
Event: 7.685 GC heap after
Heap after GC invocations=6 (full 0):
 PSYoungGen      total 294400K, used 24006K [0x00000007ab400000, 0x00000007bf700000, 0x0000000800000000)
  eden space 261120K, 0% used [0x00000007ab400000,0x00000007ab400000,0x00000007bb300000)
  from space 33280K, 72% used [0x00000007bd480000,0x00000007bebf1a20,0x00000007bf500000)
  to   space 34304K, 0% used [0x00000007bb300000,0x00000007bb300000,0x00000007bd480000)
 ParOldGen       total 173568K, used 37212K [0x0000000701c00000, 0x000000070c580000, 0x00000007ab400000)
  object space 173568K, 21% used [0x0000000701c00000,0x00000007040570b0,0x000000070c580000)
 PSPermGen       total 28160K, used 27659K [0x00000006fca00000, 0x00000006fe580000, 0x0000000701c00000)
  object space 28160K, 98% used [0x00000006fca00000,0x00000006fe502d80,0x00000006fe580000)
}
Event: 9.853 GC heap before
{Heap before GC invocations=7 (full 0):
 PSYoungGen      total 294400K, used 285126K [0x00000007ab400000, 0x00000007bf700000, 0x0000000800000000)
  eden space 261120K, 100% used [0x00000007ab400000,0x00000007bb300000,0x00000007bb300000)
  from space 33280K, 72% used [0x00000007bd480000,0x00000007bebf1a20,0x00000007bf500000)
  to   space 34304K, 0% used [0x00000007bb300000,0x00000007bb300000,0x00000007bd480000)
 ParOldGen       total 173568K, used 37212K [0x0000000701c00000, 0x000000070c580000, 0x00000007ab400000)
  object space 173568K, 21% used [0x0000000701c00000,0x00000007040570b0,0x000000070c580000)
 PSPermGen       total 45056K, used 44679K [0x00000006fca00000, 0x00000006ff600000, 0x0000000701c00000)
  object space 45056K, 99% used [0x00000006fca00000,0x00000006ff5a1d98,0x00000006ff600000)
Event: 9.881 GC heap after
Heap after GC invocations=7 (full 0):
 PSYoungGen      total 295424K, used 34043K [0x00000007ab400000, 0x00000007cff00000, 0x0000000800000000)
  eden space 261120K, 0% used [0x00000007ab400000,0x00000007ab400000,0x00000007bb300000)
  from space 34304K, 99% used [0x00000007bb300000,0x00000007bd43ee08,0x00000007bd480000)
  to   space 39424K, 0% used [0x00000007cd880000,0x00000007cd880000,0x00000007cff00000)
 ParOldGen       total 173568K, used 43410K [0x0000000701c00000, 0x000000070c580000, 0x00000007ab400000)
  object space 173568K, 25% used [0x0000000701c00000,0x0000000704664960,0x000000070c580000)
 PSPermGen       total 45056K, used 44679K [0x00000006fca00000, 0x00000006ff600000, 0x0000000701c00000)
  object space 45056K, 99% used [0x00000006fca00000,0x00000006ff5a1d98,0x00000006ff600000)
}

