# JRE version: Java(TM) SE Runtime Environment (7.0_79-b15) (build 1.7.0_79-b15)
# Java VM: Java HotSpot(TM) 64-Bit Server VM (24.79-b02 mixed mode windows-amd64 compressed oops)
Heap
 PSYoungGen      total 295424K, used 72583K [0x00000007ab400000, 0x00000007cff00000, 0x0000000800000000)
  eden space 261120K, 15% used [0x00000007ab400000,0x00000007ada4f4e8,0x00000007bb300000)
  from space 34304K, 97% used [0x00000007bb300000,0x00000007bd392898,0x00000007bd480000)
  to   space 39424K, 0% used [0x00000007cd880000,0x00000007cd880000,0x00000007cff00000)
 ParOldGen       total 173568K, used 44420K [0x0000000701c00000, 0x000000070c580000, 0x00000007ab400000)
  object space 173568K, 25% used [0x0000000701c00000,0x00000007047613d0,0x000000070c580000)
 PSPermGen       total 48128K, used 47724K [0x00000006fca00000, 0x00000006ff900000, 0x0000000701c00000)
  object space 48128K, 99% used [0x00000006fca00000,0x00000006ff89b020,0x00000006ff900000)
GC Heap History (10 events):
Event: 2.370 GC heap before
{Heap before GC invocations=3 (full 0):
 PSYoungGen      total 76288K, used 76284K [0x00000007ab400000, 0x00000007b0900000, 0x0000000800000000)
  eden space 65536K, 100% used [0x00000007ab400000,0x00000007af400000,0x00000007af400000)
  from space 10752K, 99% used [0x00000007afe80000,0x00000007b08ff038,0x00000007b0900000)
  to   space 10752K, 0% used [0x00000007af400000,0x00000007af400000,0x00000007afe80000)
 ParOldGen       total 173568K, used 1237K [0x0000000701c00000, 0x000000070c580000, 0x00000007ab400000)
  object space 173568K, 0% used [0x0000000701c00000,0x0000000701d356d0,0x000000070c580000)
 PSPermGen       total 21504K, used 15100K [0x00000006fca00000, 0x00000006fdf00000, 0x0000000701c00000)
  object space 21504K, 70% used [0x00000006fca00000,0x00000006fd8bf180,0x00000006fdf00000)
Event: 2.383 GC heap after
Heap after GC invocations=3 (full 0):
 PSYoungGen      total 76288K, used 10728K [0x00000007ab400000, 0x00000007b4900000, 0x0000000800000000)
  eden space 65536K, 0% used [0x00000007ab400000,0x00000007ab400000,0x00000007af400000)
  from space 10752K, 99% used [0x00000007af400000,0x00000007afe7a020,0x00000007afe80000)
  to   space 10752K, 0% used [0x00000007b3e80000,0x00000007b3e80000,0x00000007b4900000)
 ParOldGen       total 173568K, used 6497K [0x0000000701c00000, 0x000000070c580000, 0x00000007ab400000)
  object space 173568K, 3% used [0x0000000701c00000,0x00000007022586e0,0x000000070c580000)
 PSPermGen       total 21504K, used 15100K [0x00000006fca00000, 0x00000006fdf00000, 0x0000000701c00000)
  object space 21504K, 70% used [0x00000006fca00000,0x00000006fd8bf180,0x00000006fdf00000)
}
Event: 3.197 GC heap before
{Heap before GC invocations=4 (full 0):
 PSYoungGen      total 76288K, used 76264K [0x00000007ab400000, 0x00000007b4900000, 0x0000000800000000)
  eden space 65536K, 100% used [0x00000007ab400000,0x00000007af400000,0x00000007af400000)
  from space 10752K, 99% used [0x00000007af400000,0x00000007afe7a020,0x00000007afe80000)
  to   space 10752K, 0% used [0x00000007b3e80000,0x00000007b3e80000,0x00000007b4900000)
 ParOldGen       total 173568K, used 6497K [0x0000000701c00000, 0x000000070c580000, 0x00000007ab400000)
  object space 173568K, 3% used [0x0000000701c00000,0x00000007022586e0,0x000000070c580000)
 PSPermGen       total 21504K, used 15917K [0x00000006fca00000, 0x00000006fdf00000, 0x0000000701c00000)
  object space 21504K, 74% used [0x00000006fca00000,0x00000006fd98b600,0x00000006fdf00000)
Event: 3.209 GC heap after
Heap after GC invocations=4 (full 0):
 PSYoungGen      total 141824K, used 10744K [0x00000007ab400000, 0x00000007b4900000, 0x0000000800000000)
  eden space 131072K, 0% used [0x00000007ab400000,0x00000007ab400000,0x00000007b3400000)
  from space 10752K, 99% used [0x00000007b3e80000,0x00000007b48fe010,0x00000007b4900000)
  to   space 10752K, 0% used [0x00000007b3400000,0x00000007b3400000,0x00000007b3e80000)
 ParOldGen       total 173568K, used 11972K [0x0000000701c00000, 0x000000070c580000, 0x00000007ab400000)
  object space 173568K, 6% used [0x0000000701c00000,0x00000007027b1228,0x000000070c580000)
 PSPermGen       total 21504K, used 15917K [0x00000006fca00000, 0x00000006fdf00000, 0x0000000701c00000)
  object space 21504K, 74% used [0x00000006fca00000,0x00000006fd98b600,0x00000006fdf00000)
}
Event: 5.398 GC heap before
{Heap before GC invocations=5 (full 0):
 PSYoungGen      total 141824K, used 141816K [0x00000007ab400000, 0x00000007b4900000, 0x0000000800000000)
  eden space 131072K, 100% used [0x00000007ab400000,0x00000007b3400000,0x00000007b3400000)
  from space 10752K, 99% used [0x00000007b3e80000,0x00000007b48fe010,0x00000007b4900000)
  to   space 10752K, 0% used [0x00000007b3400000,0x00000007b3400000,0x00000007b3e80000)
 ParOldGen       total 173568K, used 11972K [0x0000000701c00000, 0x000000070c580000, 0x00000007ab400000)
  object space 173568K, 6% used [0x0000000701c00000,0x00000007027b1228,0x000000070c580000)
 PSPermGen       total 21504K, used 20233K [0x00000006fca00000, 0x00000006fdf00000, 0x0000000701c00000)
  object space 21504K, 94% used [0x00000006fca00000,0x00000006fddc2548,0x00000006fdf00000)
Event: 5.421 GC heap after
Heap after GC invocations=5 (full 0):
 PSYoungGen      total 141824K, used 10752K [0x00000007ab400000, 0x00000007bf500000, 0x0000000800000000)
  eden space 131072K, 0% used [0x00000007ab400000,0x00000007ab400000,0x00000007b3400000)
  from space 10752K, 100% used [0x00000007b3400000,0x00000007b3e80000,0x00000007b3e80000)
  to   space 33280K, 0% used [0x00000007bd480000,0x00000007bd480000,0x00000007bf500000)
 ParOldGen       total 173568K, used 37650K [0x0000000701c00000, 0x000000070c580000, 0x00000007ab400000)
  object space 173568K, 21% used [0x0000000701c00000,0x00000007040c4b30,0x000000070c580000)
 PSPermGen       total 21504K, used 20233K [0x00000006fca00000, 0x00000006fdf00000, 0x0000000701c00000)
  object space 21504K, 94% used [0x00000006fca00000,0x00000006fddc2548,0x00000006fdf00000)
}
Event: 7.388 GC heap before
{Heap before GC invocations=6 (full 0):
 PSYoungGen      total 141824K, used 141824K [0x00000007ab400000, 0x00000007bf500000, 0x0000000800000000)
  eden space 131072K, 100% used [0x00000007ab400000,0x00000007b3400000,0x00000007b3400000)
  from space 10752K, 100% used [0x00000007b3400000,0x00000007b3e80000,0x00000007b3e80000)
  to   space 33280K, 0% used [0x00000007bd480000,0x00000007bd480000,0x00000007bf500000)
 ParOldGen       total 173568K, used 37650K [0x0000000701c00000, 0x000000070c580000, 0x00000007ab400000)
  object space 173568K, 21% used [0x0000000701c00000,0x00000007040c4b30,0x000000070c580000)
 PSPermGen       total 27648K, used 27606K [0x00000006fca00000, 0x00000006fe500000, 0x0000000701c00000)
  object space 27648K, 99% used [0x00000006fca00000,0x00000006fe4f5818,0x00000006fe500000)
Event: 7.406 GC heap after
Heap after GC invocations=6 (full 0):
 PSYoungGen      total 294400K, used 23732K [0x00000007ab400000, 0x00000007bf700000, 0x0000000800000000)
  eden space 261120K, 0% used [0x00000007ab400000,0x00000007ab400000,0x00000007bb300000)
  from space 33280K, 71% used [0x00000007bd480000,0x00000007bebad060,0x00000007bf500000)
  to   space 34304K, 0% used [0x00000007bb300000,0x00000007bb300000,0x00000007bd480000)
 ParOldGen       total 173568K, used 37658K [0x0000000701c00000, 0x000000070c580000, 0x00000007ab400000)
  object space 173568K, 21% used [0x0000000701c00000,0x00000007040c6b30,0x000000070c580000)
 PSPermGen       total 27648K, used 27606K [0x00000006fca00000, 0x00000006fe500000, 0x0000000701c00000)
  object space 27648K, 99% used [0x00000006fca00000,0x00000006fe4f5818,0x00000006fe500000)
}
Event: 9.454 GC heap before
{Heap before GC invocations=7 (full 0):
 PSYoungGen      total 294400K, used 284852K [0x00000007ab400000, 0x00000007bf700000, 0x0000000800000000)
  eden space 261120K, 100% used [0x00000007ab400000,0x00000007bb300000,0x00000007bb300000)
  from space 33280K, 71% used [0x00000007bd480000,0x00000007bebad060,0x00000007bf500000)
  to   space 34304K, 0% used [0x00000007bb300000,0x00000007bb300000,0x00000007bd480000)
 ParOldGen       total 173568K, used 37658K [0x0000000701c00000, 0x000000070c580000, 0x00000007ab400000)
  object space 173568K, 21% used [0x0000000701c00000,0x00000007040c6b30,0x000000070c580000)
 PSPermGen       total 45056K, used 44569K [0x00000006fca00000, 0x00000006ff600000, 0x0000000701c00000)
  object space 45056K, 98% used [0x00000006fca00000,0x00000006ff586438,0x00000006ff600000)
Event: 9.490 GC heap after
Heap after GC invocations=7 (full 0):
 PSYoungGen      total 295424K, used 33354K [0x00000007ab400000, 0x00000007cff00000, 0x0000000800000000)
  eden space 261120K, 0% used [0x00000007ab400000,0x00000007ab400000,0x00000007bb300000)
  from space 34304K, 97% used [0x00000007bb300000,0x00000007bd392898,0x00000007bd480000)
  to   space 39424K, 0% used [0x00000007cd880000,0x00000007cd880000,0x00000007cff00000)
 ParOldGen       total 173568K, used 44420K [0x0000000701c00000, 0x000000070c580000, 0x00000007ab400000)
  object space 173568K, 25% used [0x0000000701c00000,0x00000007047613d0,0x000000070c580000)
 PSPermGen       total 45056K, used 44569K [0x00000006fca00000, 0x00000006ff600000, 0x0000000701c00000)
  object space 45056K, 98% used [0x00000006fca00000,0x00000006ff586438,0x00000006ff600000)
}

